<?xml version="1.0" encoding="utf-8"?><testsuites name="pytest tests"><testsuite name="pytest" errors="0" failures="0" skipped="0" tests="7" time="1.325" timestamp="2026-06-27T14:55:12.578573+00:00" hostname="agent-env-0daea2ad-6de7-4810-8aaa-9d044e7bb601"><testcase classname="tests.test_regression" name="test_root" time="0.227" /><testcase classname="tests.test_regression" name="test_create_lead_and_persist" time="0.096" /><testcase classname="tests.test_regression" name="test_admin_leads_auth" time="0.126" /><testcase classname="tests.test_regression" name="test_admin_analytics" time="0.048" /><testcase classname="tests.test_regression" name="test_admin_csv" time="0.045" /><testcase classname="tests.test_regression" name="test_pdf_quote" time="0.169" /><testcase classname="tests.test_regression" name="test_chat_endpoint_exists" time="0.047" /></testsuite></testsuites>