<?xml version="1.0" encoding="utf-8"?><testsuites name="pytest tests"><testsuite name="pytest" errors="0" failures="0" skipped="0" tests="18" time="1.476" timestamp="2026-06-27T15:16:41.141780+00:00" hostname="agent-env-0daea2ad-6de7-4810-8aaa-9d044e7bb601"><testcase classname="tests.test_iter9.TestRegression" name="test_root_alive" time="0.210" /><testcase classname="tests.test_iter9.TestUnifiedAdminAuth" name="test_csv_with_header" time="0.213" /><testcase classname="tests.test_iter9.TestRegression" name="test_create_lead_still_works" time="0.088" /><testcase classname="tests.test_iter9.TestUnifiedAdminAuth" name="test_csv_with_query_token" time="0.041" /><testcase classname="tests.test_iter9.TestUnifiedAdminAuth" name="test_csv_no_token" time="0.042" /><testcase classname="tests.test_iter9.TestUnifiedAdminAuth" name="test_pdf_with_header" time="0.153" /><testcase classname="tests.test_iter9.TestRegression" name="test_admin_analytics" time="0.047" /><testcase classname="tests.test_iter9.TestRegression" name="test_admin_login" time="0.173" /><testcase classname="tests.test_iter9.TestUnifiedAdminAuth" name="test_pdf_with_query_token" time="0.090" /><testcase classname="tests.test_iter9.TestRegression" name="test_chat_stream_exists" time="0.046" /><testcase classname="tests.test_iter9.TestUnifiedAdminAuth" name="test_pdf_no_token" time="0.253" /><testcase classname="tests.test_iter9.TestBookingAvailability" name="test_unbooked_future_date_returns_empty_taken" time="0.123" /><testcase classname="tests.test_iter9.TestBookingAvailability" name="test_bad_date_format_returns_400" time="0.084" /><testcase classname="tests.test_iter9.TestBookingAvailability" name="test_create_booking_then_appears_in_taken" time="0.181" /><testcase classname="tests.test_iter9.TestUnifiedAdminAuth" name="test_leads_json_with_header" time="0.049" /><testcase classname="tests.test_iter9.TestUnifiedAdminAuth" name="test_leads_json_with_query_token" time="0.039" /><testcase classname="tests.test_iter9.TestUnifiedAdminAuth" name="test_leads_json_no_token" time="0.083" /><testcase classname="tests.test_iter9.TestUnifiedAdminAuth" name="test_leads_json_wrong_token" time="0.042" /></testsuite></testsuites>